<?xml version="1.0" encoding="UTF-8"?>
<testng-results ignored="0" total="1" passed="1" failed="0" skipped="0">
  <reporter-output>
  </reporter-output>
  <suite started-at="2024-02-28T11:54:17 IST" name="Suite" finished-at="2024-02-28T11:54:54 IST" duration-ms="36615">
    <groups>
    </groups>
    <test started-at="2024-02-28T11:54:17 IST" name="Test" finished-at="2024-02-28T11:54:54 IST" duration-ms="36615">
      <class name="Axis.DataDriven.ReadExcel">
        <test-method signature="fblogin()[pri:0, instance:Axis.DataDriven.ReadExcel@625732]" started-at="2024-02-28T11:54:17 IST" name="fblogin" finished-at="2024-02-28T11:54:54 IST" duration-ms="36564" status="PASS">
          <reporter-output>
          </reporter-output>
        </test-method> <!-- fblogin -->
      </class> <!-- Axis.DataDriven.ReadExcel -->
    </test> <!-- Test -->
  </suite> <!-- Suite -->
</testng-results>
