<?xml version="1.0" encoding="UTF-8"?>
<testng-results ignored="0" total="1" passed="1" failed="0" skipped="0">
  <reporter-output>
  </reporter-output>
  <suite started-at="2024-02-27T14:11:54 IST" name="Default suite" finished-at="2024-02-27T14:11:59 IST" duration-ms="5003">
    <groups>
    </groups>
    <test started-at="2024-02-27T14:11:54 IST" name="Default test" finished-at="2024-02-27T14:11:59 IST" duration-ms="5003">
      <class name="Axis.DataDriven.ReadExcel">
        <test-method signature="fblogin()[pri:0, instance:Axis.DataDriven.ReadExcel@201a4587]" started-at="2024-02-27T14:11:54 IST" name="fblogin" finished-at="2024-02-27T14:11:59 IST" duration-ms="4946" status="PASS">
          <reporter-output>
          </reporter-output>
        </test-method> <!-- fblogin -->
      </class> <!-- Axis.DataDriven.ReadExcel -->
    </test> <!-- Default test -->
  </suite> <!-- Default suite -->
</testng-results>
