<?xml version="1.0" encoding="UTF-8"?>
<testng-results ignored="0" total="1" passed="1" failed="0" skipped="0">
  <reporter-output>
  </reporter-output>
  <suite started-at="2024-02-28T11:57:38 IST" name="Default suite" finished-at="2024-02-28T11:57:44 IST" duration-ms="5315">
    <groups>
    </groups>
    <test started-at="2024-02-28T11:57:38 IST" name="Default test" finished-at="2024-02-28T11:57:44 IST" duration-ms="5315">
      <class name="Axis.DataDriven.WriteToExcel">
        <test-method signature="fblogin()[pri:0, instance:Axis.DataDriven.WriteToExcel@201a4587]" started-at="2024-02-28T11:57:38 IST" name="fblogin" finished-at="2024-02-28T11:57:44 IST" duration-ms="5262" status="PASS">
          <reporter-output>
          </reporter-output>
        </test-method> <!-- fblogin -->
      </class> <!-- Axis.DataDriven.WriteToExcel -->
    </test> <!-- Default test -->
  </suite> <!-- Default suite -->
</testng-results>
